IOC_TEST:CAN03-V_TEMP_
IOC_TEST:CAN03-AIR_INLET_
IOC_TEST:CAN03-AIR_OUTLET_
REQMOD:raspberrypi-16923:exit
IOC_TEST:PLC-0-scantime
IOC_TEST:PLC-0-error
IOC_TEST:CAN03-PWR_A
IOC_TEST:CAN03-PWR_B
IOC_TEST:CAN03-PWR_OUT
IOC_TEST:CAN03-REFL_OUT
IOC_TEST:CAN03-V_REG
IOC_TEST:CAN03-V_TEMP
IOC_TEST:CAN03-I_DRV
IOC_TEST:CAN03-I_PRE
IOC_TEST:CAN03-I_1A
IOC_TEST:CAN03-I_2A
IOC_TEST:CAN03-V_REFL_SAVE
IOC_TEST:CAN03-V_PLUSMON
IOC_TEST:CAN03-V_I_DC
IOC_TEST:CAN03-I_1B
IOC_TEST:CAN03-I_2B
IOC_TEST:CAN03-V_12V_MON
IOC_TEST:CAN03-VREF_PWR_OPV
IOC_TEST:CAN03-V_AUX_IN
IOC_TEST:CAN03-V_5V_ACB
IOC_TEST:CAN03-V_3V5
IOC_TEST:CAN03-AIR_INLET
IOC_TEST:CAN03-AIR_OUTLET
REQMOD:raspberrypi-16923:BaseVersion
REQMOD:raspberrypi-16923:require_VER
REQMOD:raspberrypi-16923:ecmccfg_VER
REQMOD:raspberrypi-16923:asyn_VER
REQMOD:raspberrypi-16923:exprtk_VER
REQMOD:raspberrypi-16923:motor_VER
REQMOD:raspberrypi-16923:ecmc_VER
REQMOD:raspberrypi-16923:ecmc_plugin_socketcan_VER
IOC_TEST:PLC-0-enable
REQMOD:raspberrypi-16923:MODULES
REQMOD:raspberrypi-16923:VERSIONS
REQMOD:raspberrypi-16923:MOD_VER
IOC_TEST:CAN03-PDO01-Array
IOC_TEST:CAN03-SDO01-Array
IOC_TEST:CAN03-SDO02-BasicConfig
